p/1607273066017.jpg 1 0 0 99 88
p/1607273066016.jpg 1 0 0 72 70
p/1607273066015.jpg 1 0 0 55 56
p/1607273066014.jpg 1 0 0 71 70
p/1607273066013.jpg 1 0 0 68 69
p/1607273066012.jpg 1 0 0 61 58
p/1607273066010.jpg 1 0 0 51 49
p/1607273066009.jpg 1 0 0 46 46
p/1607273066008.jpg 1 0 0 61 63
p/1607273066007.jpg 1 0 0 66 61
p/1607273066006.jpg 1 0 0 176 170
p/1607273066005.jpg 1 0 0 124 129
p/1607273066004.jpg 1 0 0 121 120
p/1607273066003.jpg 1 0 0 78 77
p/1607273066002.jpg 1 0 0 74 74
p/1607273066001.jpg 1 0 0 95 97
p/1607273066000.jpg 1 0 0 66 62
p/1607273065999.jpg 1 0 0 99 97
p/1607273065998.jpg 1 0 0 76 77
p/1607273065997.jpg 1 0 0 282 282
p/1607273065996.jpg 1 0 0 252 254
p/1607273065995.jpg 1 0 0 80 75
p/1607273065994.jpg 1 0 0 59 57
p/1607273065993.jpg 1 0 0 40 43
p/1607273065992.jpg 1 0 0 110 114
p/1607273065991.jpg 1 0 0 78 75
p/1607273065990.jpg 1 0 0 58 57
p/1607273065989.jpg 1 0 0 41 41
p/1607273065988.jpg 1 0 0 105 117
p/1607273065987.jpg 1 0 0 79 78
p/1607273065986.jpg 1 0 0 105 112
p/1607273065985.jpg 1 0 0 72 75
p/1607273065984.jpg 1 0 0 57 58
p/1607273065983.jpg 1 0 0 106 114
p/1607273065982.jpg 1 0 0 77 77
p/1607273065981.jpg 1 0 0 62 62
p/1607273065980.jpg 1 0 0 101 108
p/1607273065979.jpg 1 0 0 72 76
p/1607273065978.jpg 1 0 0 56 58
p/1607273065976.jpg 1 0 0 58 54
p/1607273065975.jpg 1 0 0 77 73
p/1607273065974.jpg 1 0 0 109 113
p/hrgdhtrhjtdct.jpg 1 0 0 153 142
p/fghjjhgfgh.jpg 1 0 0 161 165
p/fgfhrthy.jpg 1 0 0 154 162
p/am-4200a.jpg 1 0 0 670 670
p/gfgtgghgythf.jpg 1 0 0 246 205
p/am-4200_50.jpg 1 0 0 670 670